[2018-07-19 01:21:24] merlin-logger.DEBUG: The welcome step has been displayed [] []
[2018-07-19 01:21:29] merlin-logger.DEBUG: The child theme installation step has been displayed [] []
[2018-07-19 01:21:32] merlin-logger.DEBUG: The child theme style.css content was generated [] []
[2018-07-19 01:21:32] merlin-logger.DEBUG: The child theme functions.php content was generated [] []
[2018-07-19 01:21:32] merlin-logger.DEBUG: The child theme screenshot was copied to the child theme, with the following result {"copied":true} []
[2018-07-19 01:21:32] merlin-logger.DEBUG: The newly generated child theme was activated [] []
[2018-07-19 01:21:39] merlin-logger.DEBUG: The welcome step has been displayed [] []
[2018-07-19 01:21:49] merlin-logger.DEBUG: The child theme installation step has been displayed [] []
[2018-07-19 01:21:52] merlin-logger.DEBUG: The plugin installation step has been displayed [] []
[2018-07-19 01:21:59] merlin-logger.DEBUG: A plugin with the following data will be processed {"plugin_slug":"advanced-custom-fields-pro","message":"Installing"} []
[2018-07-19 01:22:05] merlin-logger.DEBUG: A plugin with the following data will be processed {"plugin_slug":"advanced-custom-fields-pro","message":"Activating"} []
[2018-07-19 01:22:09] merlin-logger.DEBUG: A plugin with the following data was processed {"plugin_slug":"advanced-custom-fields-pro"} []
[2018-07-19 01:22:09] merlin-logger.DEBUG: A plugin with the following data will be processed {"plugin_slug":"kirki","message":"Installing"} []
[2018-07-19 01:22:14] merlin-logger.DEBUG: A plugin with the following data will be processed {"plugin_slug":"kirki","message":"Activating"} []
[2018-07-19 01:22:18] merlin-logger.DEBUG: A plugin with the following data was processed {"plugin_slug":"kirki"} []
[2018-07-19 01:22:18] merlin-logger.DEBUG: A plugin with the following data will be processed {"plugin_slug":"vinero_helper_plugin","message":"Installing"} []
[2018-07-19 01:22:24] merlin-logger.DEBUG: A plugin with the following data will be processed {"plugin_slug":"vinero_helper_plugin","message":"Activating"} []
[2018-07-19 01:22:27] merlin-logger.DEBUG: A plugin with the following data was processed {"plugin_slug":"vinero_helper_plugin"} []
[2018-07-19 01:22:28] merlin-logger.DEBUG: A plugin with the following data will be processed {"plugin_slug":"advanced-backgrounds","message":"Installing"} []
[2018-07-19 01:22:32] merlin-logger.DEBUG: A plugin with the following data will be processed {"plugin_slug":"advanced-backgrounds","message":"Activating"} []
[2018-07-19 01:22:36] merlin-logger.DEBUG: A plugin with the following data was processed {"plugin_slug":"advanced-backgrounds"} []
[2018-07-19 01:22:37] merlin-logger.DEBUG: A plugin with the following data will be processed {"plugin_slug":"envato-market","message":"Installing"} []
[2018-07-19 01:22:41] merlin-logger.DEBUG: A plugin with the following data will be processed {"plugin_slug":"envato-market","message":"Activating"} []
[2018-07-19 01:22:46] merlin-logger.DEBUG: A plugin with the following data was processed {"plugin_slug":"envato-market"} []
[2018-07-19 01:22:47] merlin-logger.DEBUG: A plugin with the following data will be processed {"plugin_slug":"visual-portfolio","message":"Installing"} []
[2018-07-19 01:22:51] merlin-logger.DEBUG: A plugin with the following data will be processed {"plugin_slug":"visual-portfolio","message":"Activating"} []
[2018-07-19 01:22:55] merlin-logger.DEBUG: A plugin with the following data was processed {"plugin_slug":"visual-portfolio"} []
[2018-07-19 01:22:56] merlin-logger.DEBUG: A plugin with the following data will be processed {"plugin_slug":"js_composer","message":"Installing"} []
[2018-07-19 01:23:03] merlin-logger.DEBUG: A plugin with the following data will be processed {"plugin_slug":"js_composer","message":"Activating"} []
[2018-07-19 01:23:07] merlin-logger.DEBUG: A plugin with the following data was processed {"plugin_slug":"js_composer"} []
[2018-07-19 01:23:09] merlin-logger.DEBUG: A plugin with the following data was processed {"plugin_slug":"js_composer"} []
[2018-07-19 01:23:10] merlin-logger.DEBUG: A plugin with the following data will be processed {"plugin_slug":"woocommerce","message":"Installing"} []
[2018-07-19 01:23:15] merlin-logger.DEBUG: A plugin with the following data will be processed {"plugin_slug":"woocommerce","message":"Activating"} []
[2018-07-19 01:23:24] merlin-logger.DEBUG: A plugin with the following data was processed {"plugin_slug":"woocommerce"} []
[2018-07-19 01:23:30] merlin-logger.DEBUG: The content import step has been displayed [] []
[2018-07-19 01:23:39] merlin-logger.INFO: The content import AJAX call will be executed with this import data {"title":"Content","data":"/home4/daronob1/public_html/wp-content/uploads/2018/07/content-2018-07-19__01-23-37.xml"} []
[2018-07-19 01:23:39] merlin-logger.INFO: Imported "Branding" (category) [] []
[2018-07-19 01:23:39] merlin-logger.DEBUG: Term 3 remapped to 23 [] []
[2018-07-19 01:23:39] merlin-logger.INFO: Imported "Design" (category) [] []
[2018-07-19 01:23:39] merlin-logger.DEBUG: Term 4 remapped to 24 [] []
[2018-07-19 01:23:39] merlin-logger.INFO: Imported "News" (category) [] []
[2018-07-19 01:23:39] merlin-logger.DEBUG: Term 6 remapped to 25 [] []
[2018-07-19 01:23:39] merlin-logger.INFO: Imported "Architect" (post_tag) [] []
[2018-07-19 01:23:39] merlin-logger.DEBUG: Term 31 remapped to 26 [] []
[2018-07-19 01:23:39] merlin-logger.INFO: Imported "Branding" (post_tag) [] []
[2018-07-19 01:23:39] merlin-logger.DEBUG: Term 9 remapped to 27 [] []
[2018-07-19 01:23:39] merlin-logger.INFO: Imported "Chill" (post_tag) [] []
[2018-07-19 01:23:39] merlin-logger.DEBUG: Term 32 remapped to 28 [] []
[2018-07-19 01:23:39] merlin-logger.INFO: Imported "Creative" (post_tag) [] []
[2018-07-19 01:23:39] merlin-logger.DEBUG: Term 11 remapped to 29 [] []
[2018-07-19 01:23:39] merlin-logger.INFO: Imported "Design" (post_tag) [] []
[2018-07-19 01:23:39] merlin-logger.DEBUG: Term 12 remapped to 30 [] []
[2018-07-19 01:23:39] merlin-logger.INFO: Imported "Nature" (post_tag) [] []
[2018-07-19 01:23:39] merlin-logger.DEBUG: Term 34 remapped to 31 [] []
[2018-07-19 01:23:39] merlin-logger.INFO: Imported "News" (post_tag) [] []
[2018-07-19 01:23:39] merlin-logger.DEBUG: Term 16 remapped to 32 [] []
[2018-07-19 01:23:39] merlin-logger.INFO: Imported "Ocean" (post_tag) [] []
[2018-07-19 01:23:39] merlin-logger.DEBUG: Term 35 remapped to 33 [] []
[2018-07-19 01:23:39] merlin-logger.INFO: Imported "Photo" (post_tag) [] []
[2018-07-19 01:23:39] merlin-logger.DEBUG: Term 33 remapped to 34 [] []
[2018-07-19 01:23:39] merlin-logger.INFO: Imported "Branding" (portfolio_category) [] []
[2018-07-19 01:23:39] merlin-logger.DEBUG: Term 19 remapped to 35 [] []
[2018-07-19 01:23:39] merlin-logger.INFO: Imported "Design" (portfolio_category) [] []
[2018-07-19 01:23:39] merlin-logger.DEBUG: Term 20 remapped to 36 [] []
[2018-07-19 01:23:39] merlin-logger.INFO: Imported "Photo" (portfolio_category) [] []
[2018-07-19 01:23:39] merlin-logger.DEBUG: Term 21 remapped to 37 [] []
[2018-07-19 01:23:39] merlin-logger.INFO: Imported "Footer Menu" (nav_menu) [] []
[2018-07-19 01:23:39] merlin-logger.DEBUG: Term 30 remapped to 38 [] []
[2018-07-19 01:23:39] merlin-logger.INFO: Imported "Header Socials" (nav_menu) [] []
[2018-07-19 01:23:39] merlin-logger.DEBUG: Term 65 remapped to 39 [] []
[2018-07-19 01:23:39] merlin-logger.INFO: Imported "Primary Menu" (nav_menu) [] []
[2018-07-19 01:23:39] merlin-logger.DEBUG: Term 29 remapped to 40 [] []
[2018-07-19 01:23:45] merlin-logger.INFO: Imported "logo1" (Media) [] []
[2018-07-19 01:23:45] merlin-logger.DEBUG: Post 2128 remapped to 2128 [] []
[2018-07-19 01:23:49] merlin-logger.INFO: Imported "logo2" (Media) [] []
[2018-07-19 01:23:49] merlin-logger.DEBUG: Post 2129 remapped to 2129 [] []
[2018-07-19 01:23:53] merlin-logger.INFO: Imported "logo3" (Media) [] []
[2018-07-19 01:23:53] merlin-logger.DEBUG: Post 2130 remapped to 2130 [] []
[2018-07-19 01:23:56] merlin-logger.INFO: Imported "logo4" (Media) [] []
[2018-07-19 01:23:56] merlin-logger.DEBUG: Post 2131 remapped to 2131 [] []
[2018-07-19 01:23:58] merlin-logger.INFO: Imported "marker" (Media) [] []
[2018-07-19 01:23:58] merlin-logger.DEBUG: Post 2137 remapped to 2137 [] []
[2018-07-19 01:24:02] merlin-logger.INFO: Imported "cropped-favicon.png" (Media) [] []
[2018-07-19 01:24:02] merlin-logger.DEBUG: Post 2138 remapped to 2138 [] []
[2018-07-19 01:24:02] merlin-logger.INFO: New AJAX call! [] []
[2018-07-19 01:24:15] merlin-logger.INFO: The content import AJAX call will be executed with this import data {"title":"Content","data":"/home4/daronob1/public_html/wp-content/uploads/2018/07/content-2018-07-19__01-23-37.xml"} []
[2018-07-19 01:24:22] merlin-logger.INFO: Imported "Tkalnia Dywanów" (Media) [] []
[2018-07-19 01:24:22] merlin-logger.DEBUG: Post 2333 remapped to 2333 [] []
[2018-07-19 01:24:29] merlin-logger.INFO: Imported "Oakfusion" (Media) [] []
[2018-07-19 01:24:29] merlin-logger.DEBUG: Post 2334 remapped to 2334 [] []
[2018-07-19 01:24:36] merlin-logger.INFO: Imported "Ride & Travel" (Media) [] []
[2018-07-19 01:24:36] merlin-logger.DEBUG: Post 2335 remapped to 2335 [] []
[2018-07-19 01:24:36] merlin-logger.INFO: New AJAX call! [] []
[2018-07-19 01:24:48] merlin-logger.INFO: The content import AJAX call will be executed with this import data {"title":"Content","data":"/home4/daronob1/public_html/wp-content/uploads/2018/07/content-2018-07-19__01-23-37.xml"} []
[2018-07-19 01:24:56] merlin-logger.INFO: Imported "Logo" (Media) [] []
[2018-07-19 01:24:56] merlin-logger.DEBUG: Post 2336 remapped to 2336 [] []
[2018-07-19 01:25:03] merlin-logger.INFO: Imported "Renner" (Media) [] []
[2018-07-19 01:25:03] merlin-logger.DEBUG: Post 2337 remapped to 2337 [] []
[2018-07-19 01:25:10] merlin-logger.INFO: Imported "2kul Interior Design" (Media) [] []
[2018-07-19 01:25:10] merlin-logger.DEBUG: Post 2338 remapped to 2338 [] []
[2018-07-19 01:25:10] merlin-logger.INFO: New AJAX call! [] []
[2018-07-19 01:25:25] merlin-logger.INFO: The content import AJAX call will be executed with this import data {"title":"Content","data":"/home4/daronob1/public_html/wp-content/uploads/2018/07/content-2018-07-19__01-23-37.xml"} []
[2018-07-19 01:25:34] merlin-logger.INFO: Imported "Typografia" (Media) [] []
[2018-07-19 01:25:34] merlin-logger.DEBUG: Post 2339 remapped to 2339 [] []
[2018-07-19 01:25:41] merlin-logger.INFO: Imported "Designer Portfolio" (Media) [] []
[2018-07-19 01:25:41] merlin-logger.DEBUG: Post 2340 remapped to 2340 [] []
[2018-07-19 01:25:48] merlin-logger.INFO: Imported "Shifting Perspective" (Media) [] []
[2018-07-19 01:25:48] merlin-logger.DEBUG: Post 2341 remapped to 2341 [] []
[2018-07-19 01:25:48] merlin-logger.INFO: New AJAX call! [] []
[2018-07-19 01:25:59] merlin-logger.INFO: The content import AJAX call will be executed with this import data {"title":"Content","data":"/home4/daronob1/public_html/wp-content/uploads/2018/07/content-2018-07-19__01-23-37.xml"} []
[2018-07-19 01:26:06] merlin-logger.INFO: Imported "Savvy Magazine" (Media) [] []
[2018-07-19 01:26:06] merlin-logger.DEBUG: Post 2342 remapped to 2342 [] []
[2018-07-19 01:26:13] merlin-logger.INFO: Imported "11" (Media) [] []
[2018-07-19 01:26:13] merlin-logger.DEBUG: Post 2343 remapped to 2343 [] []
[2018-07-19 01:26:20] merlin-logger.INFO: Imported "12" (Media) [] []
[2018-07-19 01:26:20] merlin-logger.DEBUG: Post 2344 remapped to 2344 [] []
[2018-07-19 01:26:20] merlin-logger.INFO: New AJAX call! [] []
[2018-07-19 01:26:45] merlin-logger.INFO: The content import AJAX call will be executed with this import data {"title":"Content","data":"/home4/daronob1/public_html/wp-content/uploads/2018/07/content-2018-07-19__01-23-37.xml"} []
[2018-07-19 01:26:58] merlin-logger.INFO: Imported "fern-leave-in-the-forest-autumn-background-PZY6835" (Media) [] []
[2018-07-19 01:26:58] merlin-logger.DEBUG: Post 2384 remapped to 2384 [] []
[2018-07-19 01:27:02] merlin-logger.INFO: Imported "favicon" (Media) [] []
[2018-07-19 01:27:02] merlin-logger.DEBUG: Post 2411 remapped to 2411 [] []
[2018-07-19 01:27:03] merlin-logger.INFO: Imported "" (Navigation Menu Item) [] []
[2018-07-19 01:27:03] merlin-logger.DEBUG: Post 1248 remapped to 1248 [] []
[2018-07-19 01:27:03] merlin-logger.DEBUG: Processing menu item post_type [] []
[2018-07-19 01:27:06] merlin-logger.INFO: Imported "About" (Navigation Menu Item) [] []
[2018-07-19 01:27:06] merlin-logger.DEBUG: Post 1249 remapped to 1249 [] []
[2018-07-19 01:27:06] merlin-logger.DEBUG: Processing menu item post_type [] []
[2018-07-19 01:27:06] merlin-logger.INFO: New AJAX call! [] []
[2018-07-19 01:27:14] merlin-logger.INFO: The content import AJAX call will be executed with this import data {"title":"Content","data":"/home4/daronob1/public_html/wp-content/uploads/2018/07/content-2018-07-19__01-23-37.xml"} []
[2018-07-19 01:27:15] merlin-logger.INFO: Imported "Works" (Navigation Menu Item) [] []
[2018-07-19 01:27:15] merlin-logger.DEBUG: Post 1400 remapped to 1400 [] []
[2018-07-19 01:27:15] merlin-logger.DEBUG: Processing menu item post_type [] []
[2018-07-19 01:27:18] merlin-logger.INFO: Imported "Purchase" (Navigation Menu Item) [] []
[2018-07-19 01:27:18] merlin-logger.DEBUG: Post 1827 remapped to 1827 [] []
[2018-07-19 01:27:18] merlin-logger.DEBUG: Processing menu item custom [] []
[2018-07-19 01:27:18] merlin-logger.DEBUG: Menu item 1827 mapped to 1827 [] []
[2018-07-19 01:27:19] merlin-logger.INFO: Imported "vinero-child" (Custom CSS) [] []
[2018-07-19 01:27:19] merlin-logger.DEBUG: Post 1905 remapped to 1905 [] []
[2018-07-19 01:27:21] merlin-logger.INFO: Imported "Purchase" (Navigation Menu Item) [] []
[2018-07-19 01:27:21] merlin-logger.DEBUG: Post 2074 remapped to 2074 [] []
[2018-07-19 01:27:21] merlin-logger.DEBUG: Processing menu item custom [] []
[2018-07-19 01:27:21] merlin-logger.DEBUG: Menu item 2074 mapped to 2074 [] []
[2018-07-19 01:27:25] merlin-logger.INFO: Imported "cropped-favicon-1.png" (Media) [] []
[2018-07-19 01:27:25] merlin-logger.DEBUG: Post 2412 remapped to 2412 [] []
[2018-07-19 01:27:28] merlin-logger.INFO: Imported "" (Navigation Menu Item) [] []
[2018-07-19 01:27:28] merlin-logger.DEBUG: Post 2433 remapped to 2433 [] []
[2018-07-19 01:27:28] merlin-logger.DEBUG: Processing menu item custom [] []
[2018-07-19 01:27:28] merlin-logger.DEBUG: Menu item 2433 mapped to 2433 [] []
[2018-07-19 01:27:29] merlin-logger.INFO: Imported "" (Navigation Menu Item) [] []
[2018-07-19 01:27:29] merlin-logger.DEBUG: Post 2434 remapped to 2434 [] []
[2018-07-19 01:27:29] merlin-logger.DEBUG: Processing menu item custom [] []
[2018-07-19 01:27:29] merlin-logger.DEBUG: Menu item 2434 mapped to 2434 [] []
[2018-07-19 01:27:32] merlin-logger.INFO: Imported "" (Navigation Menu Item) [] []
[2018-07-19 01:27:32] merlin-logger.DEBUG: Post 2435 remapped to 2435 [] []
[2018-07-19 01:27:32] merlin-logger.DEBUG: Processing menu item custom [] []
[2018-07-19 01:27:32] merlin-logger.DEBUG: Menu item 2435 mapped to 2435 [] []
[2018-07-19 01:27:34] merlin-logger.INFO: Imported "" (Navigation Menu Item) [] []
[2018-07-19 01:27:34] merlin-logger.DEBUG: Post 2436 remapped to 2436 [] []
[2018-07-19 01:27:34] merlin-logger.DEBUG: Processing menu item custom [] []
[2018-07-19 01:27:34] merlin-logger.DEBUG: Menu item 2436 mapped to 2436 [] []
[2018-07-19 01:27:34] merlin-logger.INFO: New AJAX call! [] []
[2018-07-19 01:27:40] merlin-logger.INFO: The content import AJAX call will be executed with this import data {"title":"Content","data":"/home4/daronob1/public_html/wp-content/uploads/2018/07/content-2018-07-19__01-23-37.xml"} []
[2018-07-19 01:27:48] merlin-logger.INFO: Imported "b9" (Media) [] []
[2018-07-19 01:27:48] merlin-logger.DEBUG: Post 2455 remapped to 2455 [] []
[2018-07-19 01:27:57] merlin-logger.INFO: Imported "b8" (Media) [] []
[2018-07-19 01:27:57] merlin-logger.DEBUG: Post 2456 remapped to 2456 [] []
[2018-07-19 01:28:07] merlin-logger.INFO: Imported "b7" (Media) [] []
[2018-07-19 01:28:07] merlin-logger.DEBUG: Post 2457 remapped to 2457 [] []
[2018-07-19 01:28:07] merlin-logger.INFO: New AJAX call! [] []
[2018-07-19 01:28:13] merlin-logger.INFO: The content import AJAX call will be executed with this import data {"title":"Content","data":"/home4/daronob1/public_html/wp-content/uploads/2018/07/content-2018-07-19__01-23-37.xml"} []
[2018-07-19 01:28:20] merlin-logger.INFO: Imported "b6" (Media) [] []
[2018-07-19 01:28:20] merlin-logger.DEBUG: Post 2458 remapped to 2458 [] []
[2018-07-19 01:28:30] merlin-logger.INFO: Imported "b5" (Media) [] []
[2018-07-19 01:28:30] merlin-logger.DEBUG: Post 2459 remapped to 2459 [] []
[2018-07-19 01:28:37] merlin-logger.INFO: Imported "b4" (Media) [] []
[2018-07-19 01:28:37] merlin-logger.DEBUG: Post 2460 remapped to 2460 [] []
[2018-07-19 01:28:37] merlin-logger.INFO: New AJAX call! [] []
[2018-07-19 01:28:38] merlin-logger.DEBUG: The final step has been displayed [] []
